TN:
SF:./src/file1.js
FN:1,(anonymous_1)
FN:3,Bar
FN:8,(anonymous_3)
FNF:3
FNH:3
FNDA:1,(anonymous_1)
FNDA:2,Bar
FNDA:1,(anonymous_3)
DA:0,1
DA:18,2
LF:2
LH:2
BRF:0
BRH:0
end_of_record
TN:
SF:./src/file2.js
FN:1,(anonymous_1)
FN:6,Foo
FN:8,(anonymous_3)
FN:11,(anonymous_4)
FNF:4
FNH:1
FNDA:1,(anonymous_1)
FNDA:0,Foo
FNDA:0,(anonymous_3)
FNDA:0,(anonymous_4)
DA:0,1
DA:18,1
DA:19,0
DA:23,0
DA:24,0
LF:5
LH:2
BRDA:3,1,0,0
BRDA:3,1,1,1
BRDA:3,2,0,1
BRDA:3,2,1,1
BRDA:12,3,0,0
BRDA:12,3,1,0
BRF:6
BRH:4
end_of_record
TN:
SF:./src/dep1.js
FN:1,(anonymous_1)
FN:3,Baz
FN:11,(anonymous_3)
FNF:3
FNH:2
FNDA:1,(anonymous_1)
FNDA:0,Baz
FNDA:1,(anonymous_3)
DA:0,1
DA:16,1
DA:17,0
DA:18,0
DA:20,0
LF:5
LH:2
BRDA:4,1,0,0
BRDA:4,1,1,0
BRF:2
BRH:0
end_of_record
